{"level":"info","message":"Loaded page for brianbawuah@icloud.com "}
{"level":"debug","message":"Shoe is available for brianbawuah@icloud.com"}
{"level":"error","message":"Something went wrong for brianbawuah@icloud.com.. Restarting proces"}
{"level":"info","message":"Loaded page for brianbawuah@icloud.com "}
{"level":"debug","message":"Shoe is available for brianbawuah@icloud.com"}
{"level":"debug","message":"Bot selected a size for brianbawuah@icloud.com"}
{"level":"debug","message":"Selected is available for brianbawuah@icloud.com"}
{"level":"debug","message":"Empty cart page is not visible brianbawuah@icloud.com"}
{"level":"error","message":"Bot couldn't log in for brianbawuah@icloud.com. Bot will start process again"}
{"level":"error","message":"Something went wrong for brianbawuah@icloud.com.. Restarting proces"}
{"level":"info","message":"Loaded page for brianbawuah@icloud.com "}
{"level":"info","message":"Loaded page for brianbawuah@icloud.com "}
{"level":"debug","message":"Shoe is available for brianbawuah@icloud.com"}
{"level":"debug","message":"Shoe is available for brianbawuah@icloud.com"}
{"level":"debug","message":"Bot selected a size for brianbawuah@icloud.com"}
{"level":"debug","message":"Bot selected a size for brianbawuah@icloud.com"}
{"level":"debug","message":"Selected is available for brianbawuah@icloud.com"}
{"level":"debug","message":"Selected is available for brianbawuah@icloud.com"}
{"level":"debug","message":"Empty cart page is not visible brianbawuah@icloud.com"}
{"level":"debug","message":"Empty cart page is not visible brianbawuah@icloud.com"}
{"level":"error","message":"Bot couldn't log in for brianbawuah@icloud.com. Bot will start process again"}
{"level":"error","message":"Something went wrong for brianbawuah@icloud.com.. Restarting proces"}
{"level":"error","message":"Bot couldn't log in for brianbawuah@icloud.com. Bot will start process again"}
{"level":"error","message":"Something went wrong for brianbawuah@icloud.com.. Restarting proces"}
{"level":"info","message":"Loaded page for brianbawuah@icloud.com "}
{"level":"debug","message":"Shoe is available for brianbawuah@icloud.com"}
{"level":"error","message":"Something went wrong for brianbawuah@icloud.com.. Restarting proces"}
{"level":"info","message":"Loaded page for brianbawuah@icloud.com "}
{"level":"debug","message":"Shoe is available for brianbawuah@icloud.com"}
{"level":"debug","message":"Bot selected a size for brianbawuah@icloud.com"}
{"level":"debug","message":"Selected is available for brianbawuah@icloud.com"}
{"level":"debug","message":"Empty cart page is not visible brianbawuah@icloud.com"}
{"level":"debug","message":"Bot is logged brianbawuah@icloud.com in!"}
{"level":"info","message":"Loaded page for brianbawuah@icloud.com "}
{"level":"debug","message":"Shoe is available for brianbawuah@icloud.com"}
{"level":"debug","message":"Bot selected a size for brianbawuah@icloud.com"}
{"level":"error","message":"Selected size is not available for brianbawuah@icloud.com. Bot will go back to find another size"}
{"level":"error","message":"Something went wrong for brianbawuah@icloud.com.. Restarting proces"}
{"level":"info","message":"Loaded page for brianbawuah96@gmail.com "}
{"level":"info","message":"Shoe is available brianbawuah96@gmail.com "}
{"level":"debug","message":"Shoe is available for brianbawuah96@gmail.com"}
{"level":"info","message":"Loaded page for brianbawuah@icloud.com "}
{"level":"info","message":"Shoe is available brianbawuah@icloud.com "}
{"level":"debug","message":"Shoe is available for brianbawuah@icloud.com"}
{"level":"error","message":"Something went wrong for brianbawuah@icloud.com.. Restarting proces"}
{"level":"error","message":"Something went wrong for brianbawuah96@gmail.com.. Restarting proces"}
{"level":"info","message":"Loaded page for brianbawuah@hetnet.nl "}
{"level":"info","message":"Shoe is available brianbawuah@hetnet.nl "}
{"level":"debug","message":"Shoe is available for brianbawuah@hetnet.nl"}
{"level":"debug","message":"Bot selected a size for brianbawuah@hetnet.nl"}
{"level":"debug","message":"Selected is available for brianbawuah@hetnet.nl"}
{"level":"debug","message":"Empty cart page is not visible brianbawuah@hetnet.nl"}
{"level":"error","message":"Something went wrong for brianbawuah@hetnet.nl.. Restarting proces"}
{"level":"info","message":"Loaded page for brianbawuah@icloud.com "}
{"level":"info","message":"Shoe is available brianbawuah@icloud.com "}
{"level":"debug","message":"Shoe is available for brianbawuah@icloud.com"}
{"level":"debug","message":"Bot selected a size for brianbawuah@icloud.com"}
{"level":"info","message":"Loaded page for brianbawuah96@gmail.com "}
{"level":"info","message":"Shoe is available brianbawuah96@gmail.com "}
{"level":"debug","message":"Shoe is available for brianbawuah96@gmail.com"}
{"level":"debug","message":"Selected is available for brianbawuah@icloud.com"}
{"level":"debug","message":"Empty cart page is not visible brianbawuah@icloud.com"}
{"level":"debug","message":"Bot selected a size for brianbawuah96@gmail.com"}
{"level":"debug","message":"Selected is available for brianbawuah96@gmail.com"}
{"level":"debug","message":"Empty cart page is not visible brianbawuah96@gmail.com"}
{"level":"debug","message":"Bot is logged brianbawuah@icloud.com in!"}
{"level":"debug","message":"Bot is logged brianbawuah96@gmail.com in!"}
{"level":"info","message":"Loaded page for brianbawuah@hetnet.nl "}
{"level":"info","message":"Shoe is available brianbawuah@hetnet.nl "}
{"level":"debug","message":"Shoe is available for brianbawuah@hetnet.nl"}
{"level":"debug","message":"Bot selected a size for brianbawuah@hetnet.nl"}
{"level":"debug","message":"Selected is available for brianbawuah@hetnet.nl"}
{"level":"debug","message":"Empty cart page is not visible brianbawuah@hetnet.nl"}
{"level":"debug","message":"Bot is logged brianbawuah@hetnet.nl in!"}
